{"/Users/Mac/generalAssembly/Development/wdi-project-2/index.js":{"path":"/Users/Mac/generalAssembly/Development/wdi-project-2/index.js","s":{"1":1,"2":1,"3":1,"4":1,"5":1,"6":1,"7":1,"8":1,"9":1,"10":1,"11":1,"12":1,"13":1,"14":1,"15":1,"16":1,"17":1,"18":1,"19":1,"20":1,"21":0,"22":0,"23":0,"24":1,"25":1,"26":1,"27":1,"28":1},"b":{"1":[0,0]},"f":{"1":0},"fnMap":{"1":{"name":"jwtErrorHandler","line":32,"loc":{"start":{"line":32,"column":0},"end":{"line":32,"column":45}}}},"statementMap":{"1":{"start":{"line":1,"column":0},"end":{"line":1,"column":38}},"2":{"start":{"line":2,"column":0},"end":{"line":2,"column":37}},"3":{"start":{"line":3,"column":0},"end":{"line":3,"column":42}},"4":{"start":{"line":4,"column":0},"end":{"line":4,"column":35}},"5":{"start":{"line":5,"column":0},"end":{"line":5,"column":39}},"6":{"start":{"line":6,"column":0},"end":{"line":6,"column":42}},"7":{"start":{"line":7,"column":0},"end":{"line":7,"column":29}},"8":{"start":{"line":8,"column":0},"end":{"line":8,"column":46}},"9":{"start":{"line":9,"column":0},"end":{"line":9,"column":52}},"10":{"start":{"line":10,"column":0},"end":{"line":10,"column":49}},"11":{"start":{"line":13,"column":0},"end":{"line":13,"column":34}},"12":{"start":{"line":15,"column":0},"end":{"line":15,"column":28}},"13":{"start":{"line":17,"column":0},"end":{"line":17,"column":23}},"14":{"start":{"line":18,"column":0},"end":{"line":18,"column":27}},"15":{"start":{"line":19,"column":0},"end":{"line":19,"column":50}},"16":{"start":{"line":20,"column":0},"end":{"line":20,"column":16}},"17":{"start":{"line":21,"column":0},"end":{"line":21,"column":47}},"18":{"start":{"line":23,"column":0},"end":{"line":29,"column":6}},"19":{"start":{"line":30,"column":0},"end":{"line":30,"column":25}},"20":{"start":{"line":32,"column":0},"end":{"line":35,"column":1}},"21":{"start":{"line":33,"column":2},"end":{"line":33,"column":54}},"22":{"start":{"line":33,"column":40},"end":{"line":33,"column":54}},"23":{"start":{"line":34,"column":2},"end":{"line":34,"column":67}},"24":{"start":{"line":37,"column":0},"end":{"line":37,"column":24}},"25":{"start":{"line":38,"column":0},"end":{"line":38,"column":27}},"26":{"start":{"line":40,"column":0},"end":{"line":40,"column":85}},"27":{"start":{"line":40,"column":30},"end":{"line":40,"column":83}},"28":{"start":{"line":43,"column":0},"end":{"line":43,"column":21}}},"branchMap":{"1":{"line":33,"type":"if","locations":[{"start":{"line":33,"column":2},"end":{"line":33,"column":2}},{"start":{"line":33,"column":2},"end":{"line":33,"column":2}}]}}},"/Users/Mac/generalAssembly/Development/wdi-project-2/config/config.js":{"path":"/Users/Mac/generalAssembly/Development/wdi-project-2/config/config.js","s":{"1":1},"b":{"1":[1,1],"2":[1,1],"3":[1,1]},"f":{},"fnMap":{},"statementMap":{"1":{"start":{"line":1,"column":0},"end":{"line":5,"column":2}}},"branchMap":{"1":{"line":2,"type":"binary-expr","locations":[{"start":{"line":2,"column":8},"end":{"line":2,"column":24}},{"start":{"line":2,"column":28},"end":{"line":2,"column":32}}]},"2":{"line":3,"type":"binary-expr","locations":[{"start":{"line":3,"column":6},"end":{"line":3,"column":29}},{"start":{"line":3,"column":33},"end":{"line":3,"column":67}}]},"3":{"line":4,"type":"binary-expr","locations":[{"start":{"line":4,"column":10},"end":{"line":4,"column":28}},{"start":{"line":4,"column":32},"end":{"line":4,"column":86}}]}}},"/Users/Mac/generalAssembly/Development/wdi-project-2/config/apiRoutes.js":{"path":"/Users/Mac/generalAssembly/Development/wdi-project-2/config/apiRoutes.js","s":{"1":1,"2":1,"3":1,"4":1,"5":1,"6":1,"7":1,"8":1,"9":1,"10":1,"11":1},"b":{},"f":{},"fnMap":{},"statementMap":{"1":{"start":{"line":1,"column":0},"end":{"line":1,"column":35}},"2":{"start":{"line":2,"column":0},"end":{"line":2,"column":32}},"3":{"start":{"line":4,"column":0},"end":{"line":4,"column":66}},"4":{"start":{"line":5,"column":0},"end":{"line":5,"column":46}},"5":{"start":{"line":6,"column":0},"end":{"line":6,"column":58}},"6":{"start":{"line":8,"column":0},"end":{"line":9,"column":26}},"7":{"start":{"line":11,"column":0},"end":{"line":12,"column":34}},"8":{"start":{"line":13,"column":0},"end":{"line":14,"column":31}},"9":{"start":{"line":16,"column":0},"end":{"line":17,"column":20}},"10":{"start":{"line":18,"column":0},"end":{"line":21,"column":24}},"11":{"start":{"line":23,"column":0},"end":{"line":23,"column":24}}},"branchMap":{}},"/Users/Mac/generalAssembly/Development/wdi-project-2/controllers/authentications.js":{"path":"/Users/Mac/generalAssembly/Development/wdi-project-2/controllers/authentications.js","s":{"1":1,"2":1,"3":1,"4":1,"5":1,"6":0,"7":0,"8":0,"9":0,"10":0,"11":0,"12":1,"13":0,"14":0,"15":0,"16":0,"17":0,"18":0,"19":0},"b":{"1":[0,0],"2":[0,0],"3":[0,0],"4":[0,0]},"f":{"1":0,"2":0},"fnMap":{"1":{"name":"authenticationsRegister","line":11,"loc":{"start":{"line":11,"column":0},"end":{"line":11,"column":43}}},"2":{"name":"authenticationsLogin","line":24,"loc":{"start":{"line":24,"column":0},"end":{"line":24,"column":39}}}},"statementMap":{"1":{"start":{"line":1,"column":0},"end":{"line":4,"column":2}},"2":{"start":{"line":6,"column":0},"end":{"line":6,"column":42}},"3":{"start":{"line":7,"column":0},"end":{"line":7,"column":40}},"4":{"start":{"line":8,"column":0},"end":{"line":8,"column":44}},"5":{"start":{"line":11,"column":0},"end":{"line":22,"column":1}},"6":{"start":{"line":12,"column":2},"end":{"line":21,"column":5}},"7":{"start":{"line":13,"column":4},"end":{"line":13,"column":21}},"8":{"start":{"line":14,"column":4},"end":{"line":14,"column":78}},"9":{"start":{"line":14,"column":13},"end":{"line":14,"column":78}},"10":{"start":{"line":15,"column":4},"end":{"line":15,"column":75}},"11":{"start":{"line":16,"column":4},"end":{"line":20,"column":7}},"12":{"start":{"line":24,"column":0},"end":{"line":39,"column":1}},"13":{"start":{"line":25,"column":2},"end":{"line":38,"column":5}},"14":{"start":{"line":26,"column":4},"end":{"line":26,"column":77}},"15":{"start":{"line":26,"column":13},"end":{"line":26,"column":77}},"16":{"start":{"line":27,"column":4},"end":{"line":30,"column":5}},"17":{"start":{"line":29,"column":6},"end":{"line":29,"column":63}},"18":{"start":{"line":31,"column":4},"end":{"line":31,"column":73}},"19":{"start":{"line":33,"column":4},"end":{"line":37,"column":7}}},"branchMap":{"1":{"line":14,"type":"if","locations":[{"start":{"line":14,"column":4},"end":{"line":14,"column":4}},{"start":{"line":14,"column":4},"end":{"line":14,"column":4}}]},"2":{"line":26,"type":"if","locations":[{"start":{"line":26,"column":4},"end":{"line":26,"column":4}},{"start":{"line":26,"column":4},"end":{"line":26,"column":4}}]},"3":{"line":27,"type":"if","locations":[{"start":{"line":27,"column":4},"end":{"line":27,"column":4}},{"start":{"line":27,"column":4},"end":{"line":27,"column":4}}]},"4":{"line":27,"type":"binary-expr","locations":[{"start":{"line":27,"column":8},"end":{"line":27,"column":13}},{"start":{"line":27,"column":17},"end":{"line":27,"column":58}}]}}},"/Users/Mac/generalAssembly/Development/wdi-project-2/models/user.js":{"path":"/Users/Mac/generalAssembly/Development/wdi-project-2/models/user.js","s":{"1":1,"2":1,"3":1,"4":1,"5":1,"6":1,"7":1,"8":1,"9":1,"10":1,"11":0,"12":0,"13":0,"14":0,"15":1,"16":1,"17":0,"18":0,"19":1,"20":0,"21":1,"22":0,"23":0,"24":0,"25":0,"26":0,"27":0,"28":0,"29":1,"30":0,"31":0,"32":1,"33":0},"b":{"1":[0,0],"2":[0,0],"3":[0,0],"4":[0,0],"5":[0,0]},"f":{"1":0,"2":0,"3":0,"4":0,"5":0,"6":0},"fnMap":{"1":{"name":"(anonymous_1)","line":32,"loc":{"start":{"line":32,"column":13},"end":{"line":32,"column":32}}},"2":{"name":"setPassword","line":42,"loc":{"start":{"line":42,"column":0},"end":{"line":42,"column":27}}},"3":{"name":"setPasswordConfirmation","line":47,"loc":{"start":{"line":47,"column":0},"end":{"line":47,"column":55}}},"4":{"name":"validatePasswordHash","line":51,"loc":{"start":{"line":51,"column":0},"end":{"line":51,"column":32}}},"5":{"name":"validateEmail","line":65,"loc":{"start":{"line":65,"column":0},"end":{"line":65,"column":30}}},"6":{"name":"validatePassword","line":71,"loc":{"start":{"line":71,"column":0},"end":{"line":71,"column":36}}}},"statementMap":{"1":{"start":{"line":1,"column":0},"end":{"line":1,"column":37}},"2":{"start":{"line":2,"column":0},"end":{"line":2,"column":33}},"3":{"start":{"line":3,"column":0},"end":{"line":3,"column":39}},"4":{"start":{"line":5,"column":0},"end":{"line":10,"column":3}},"5":{"start":{"line":12,"column":0},"end":{"line":14,"column":20}},"6":{"start":{"line":16,"column":0},"end":{"line":18,"column":32}},"7":{"start":{"line":20,"column":0},"end":{"line":22,"column":34}},"8":{"start":{"line":24,"column":0},"end":{"line":26,"column":27}},"9":{"start":{"line":28,"column":0},"end":{"line":29,"column":17}},"10":{"start":{"line":31,"column":0},"end":{"line":38,"column":3}},"11":{"start":{"line":33,"column":4},"end":{"line":33,"column":28}},"12":{"start":{"line":34,"column":4},"end":{"line":34,"column":21}},"13":{"start":{"line":35,"column":4},"end":{"line":35,"column":18}},"14":{"start":{"line":36,"column":4},"end":{"line":36,"column":15}},"15":{"start":{"line":40,"column":0},"end":{"line":40,"column":52}},"16":{"start":{"line":42,"column":0},"end":{"line":45,"column":1}},"17":{"start":{"line":43,"column":2},"end":{"line":43,"column":28}},"18":{"start":{"line":44,"column":2},"end":{"line":44,"column":68}},"19":{"start":{"line":47,"column":0},"end":{"line":49,"column":1}},"20":{"start":{"line":48,"column":2},"end":{"line":48,"column":52}},"21":{"start":{"line":51,"column":0},"end":{"line":63,"column":1}},"22":{"start":{"line":52,"column":2},"end":{"line":62,"column":3}},"23":{"start":{"line":53,"column":4},"end":{"line":55,"column":5}},"24":{"start":{"line":54,"column":6},"end":{"line":54,"column":67}},"25":{"start":{"line":56,"column":4},"end":{"line":58,"column":5}},"26":{"start":{"line":57,"column":6},"end":{"line":57,"column":67}},"27":{"start":{"line":59,"column":4},"end":{"line":61,"column":5}},"28":{"start":{"line":60,"column":6},"end":{"line":60,"column":79}},"29":{"start":{"line":65,"column":0},"end":{"line":69,"column":1}},"30":{"start":{"line":66,"column":2},"end":{"line":68,"column":3}},"31":{"start":{"line":67,"column":4},"end":{"line":67,"column":69}},"32":{"start":{"line":71,"column":0},"end":{"line":73,"column":1}},"33":{"start":{"line":72,"column":2},"end":{"line":72,"column":57}}},"branchMap":{"1":{"line":52,"type":"if","locations":[{"start":{"line":52,"column":2},"end":{"line":52,"column":2}},{"start":{"line":52,"column":2},"end":{"line":52,"column":2}}]},"2":{"line":53,"type":"if","locations":[{"start":{"line":53,"column":4},"end":{"line":53,"column":4}},{"start":{"line":53,"column":4},"end":{"line":53,"column":4}}]},"3":{"line":56,"type":"if","locations":[{"start":{"line":56,"column":4},"end":{"line":56,"column":4}},{"start":{"line":56,"column":4},"end":{"line":56,"column":4}}]},"4":{"line":59,"type":"if","locations":[{"start":{"line":59,"column":4},"end":{"line":59,"column":4}},{"start":{"line":59,"column":4},"end":{"line":59,"column":4}}]},"5":{"line":66,"type":"if","locations":[{"start":{"line":66,"column":2},"end":{"line":66,"column":2}},{"start":{"line":66,"column":2},"end":{"line":66,"column":2}}]}}},"/Users/Mac/generalAssembly/Development/wdi-project-2/controllers/users.js":{"path":"/Users/Mac/generalAssembly/Development/wdi-project-2/controllers/users.js","s":{"1":1,"2":1,"3":1,"4":0,"5":0,"6":0,"7":0,"8":1,"9":0,"10":0,"11":0,"12":0,"13":0,"14":0,"15":1,"16":0,"17":0,"18":0,"19":0,"20":0,"21":0,"22":1,"23":0,"24":0,"25":0,"26":0,"27":0,"28":0},"b":{"1":[0,0],"2":[0,0],"3":[0,0],"4":[0,0],"5":[0,0],"6":[0,0],"7":[0,0]},"f":{"1":0,"2":0,"3":0,"4":0},"fnMap":{"1":{"name":"usersIndex","line":11,"loc":{"start":{"line":11,"column":0},"end":{"line":11,"column":30}}},"2":{"name":"usersShow","line":18,"loc":{"start":{"line":18,"column":0},"end":{"line":18,"column":29}}},"3":{"name":"usersUpdate","line":26,"loc":{"start":{"line":26,"column":0},"end":{"line":26,"column":32}}},"4":{"name":"usersDelete","line":34,"loc":{"start":{"line":34,"column":0},"end":{"line":34,"column":32}}}},"statementMap":{"1":{"start":{"line":1,"column":0},"end":{"line":6,"column":2}},"2":{"start":{"line":9,"column":0},"end":{"line":9,"column":39}},"3":{"start":{"line":11,"column":0},"end":{"line":16,"column":1}},"4":{"start":{"line":12,"column":2},"end":{"line":15,"column":5}},"5":{"start":{"line":13,"column":4},"end":{"line":13,"column":78}},"6":{"start":{"line":13,"column":13},"end":{"line":13,"column":78}},"7":{"start":{"line":14,"column":4},"end":{"line":14,"column":43}},"8":{"start":{"line":18,"column":0},"end":{"line":24,"column":1}},"9":{"start":{"line":19,"column":2},"end":{"line":23,"column":5}},"10":{"start":{"line":20,"column":4},"end":{"line":20,"column":78}},"11":{"start":{"line":20,"column":13},"end":{"line":20,"column":78}},"12":{"start":{"line":21,"column":4},"end":{"line":21,"column":73}},"13":{"start":{"line":21,"column":15},"end":{"line":21,"column":73}},"14":{"start":{"line":22,"column":4},"end":{"line":22,"column":42}},"15":{"start":{"line":26,"column":0},"end":{"line":32,"column":1}},"16":{"start":{"line":27,"column":2},"end":{"line":31,"column":5}},"17":{"start":{"line":28,"column":4},"end":{"line":28,"column":77}},"18":{"start":{"line":28,"column":13},"end":{"line":28,"column":77}},"19":{"start":{"line":29,"column":4},"end":{"line":29,"column":75}},"20":{"start":{"line":29,"column":15},"end":{"line":29,"column":75}},"21":{"start":{"line":30,"column":4},"end":{"line":30,"column":42}},"22":{"start":{"line":34,"column":0},"end":{"line":40,"column":1}},"23":{"start":{"line":35,"column":2},"end":{"line":39,"column":5}},"24":{"start":{"line":36,"column":4},"end":{"line":36,"column":78}},"25":{"start":{"line":36,"column":13},"end":{"line":36,"column":78}},"26":{"start":{"line":37,"column":4},"end":{"line":37,"column":74}},"27":{"start":{"line":37,"column":15},"end":{"line":37,"column":74}},"28":{"start":{"line":38,"column":4},"end":{"line":38,"column":34}}},"branchMap":{"1":{"line":13,"type":"if","locations":[{"start":{"line":13,"column":4},"end":{"line":13,"column":4}},{"start":{"line":13,"column":4},"end":{"line":13,"column":4}}]},"2":{"line":20,"type":"if","locations":[{"start":{"line":20,"column":4},"end":{"line":20,"column":4}},{"start":{"line":20,"column":4},"end":{"line":20,"column":4}}]},"3":{"line":21,"type":"if","locations":[{"start":{"line":21,"column":4},"end":{"line":21,"column":4}},{"start":{"line":21,"column":4},"end":{"line":21,"column":4}}]},"4":{"line":28,"type":"if","locations":[{"start":{"line":28,"column":4},"end":{"line":28,"column":4}},{"start":{"line":28,"column":4},"end":{"line":28,"column":4}}]},"5":{"line":29,"type":"if","locations":[{"start":{"line":29,"column":4},"end":{"line":29,"column":4}},{"start":{"line":29,"column":4},"end":{"line":29,"column":4}}]},"6":{"line":36,"type":"if","locations":[{"start":{"line":36,"column":4},"end":{"line":36,"column":4}},{"start":{"line":36,"column":4},"end":{"line":36,"column":4}}]},"7":{"line":37,"type":"if","locations":[{"start":{"line":37,"column":4},"end":{"line":37,"column":4}},{"start":{"line":37,"column":4},"end":{"line":37,"column":4}}]}}},"/Users/Mac/generalAssembly/Development/wdi-project-2/controllers/restaurants.js":{"path":"/Users/Mac/generalAssembly/Development/wdi-project-2/controllers/restaurants.js","s":{"1":1,"2":1,"3":0,"4":0,"5":0,"6":0,"7":1},"b":{"1":[0,0]},"f":{"1":0},"fnMap":{"1":{"name":"restaurantsIndex","line":3,"loc":{"start":{"line":3,"column":0},"end":{"line":3,"column":36}}}},"statementMap":{"1":{"start":{"line":1,"column":0},"end":{"line":1,"column":51}},"2":{"start":{"line":3,"column":0},"end":{"line":8,"column":1}},"3":{"start":{"line":4,"column":2},"end":{"line":7,"column":5}},"4":{"start":{"line":5,"column":4},"end":{"line":5,"column":79}},"5":{"start":{"line":5,"column":13},"end":{"line":5,"column":79}},"6":{"start":{"line":6,"column":4},"end":{"line":6,"column":49}},"7":{"start":{"line":10,"column":0},"end":{"line":12,"column":2}}},"branchMap":{"1":{"line":5,"type":"if","locations":[{"start":{"line":5,"column":4},"end":{"line":5,"column":4}},{"start":{"line":5,"column":4},"end":{"line":5,"column":4}}]}}},"/Users/Mac/generalAssembly/Development/wdi-project-2/models/restaurant.js":{"path":"/Users/Mac/generalAssembly/Development/wdi-project-2/models/restaurant.js","s":{"1":1,"2":1,"3":1},"b":{},"f":{},"fnMap":{},"statementMap":{"1":{"start":{"line":1,"column":0},"end":{"line":1,"column":37}},"2":{"start":{"line":3,"column":0},"end":{"line":14,"column":3}},"3":{"start":{"line":16,"column":0},"end":{"line":16,"column":64}}},"branchMap":{}},"/Users/Mac/generalAssembly/Development/wdi-project-2/config/webRoutes.js":{"path":"/Users/Mac/generalAssembly/Development/wdi-project-2/config/webRoutes.js","s":{"1":1,"2":1,"3":1,"4":1,"5":1},"b":{},"f":{},"fnMap":{},"statementMap":{"1":{"start":{"line":1,"column":0},"end":{"line":1,"column":35}},"2":{"start":{"line":2,"column":0},"end":{"line":2,"column":33}},"3":{"start":{"line":4,"column":0},"end":{"line":4,"column":50}},"4":{"start":{"line":7,"column":0},"end":{"line":8,"column":21}},"5":{"start":{"line":10,"column":0},"end":{"line":10,"column":24}}},"branchMap":{}},"/Users/Mac/generalAssembly/Development/wdi-project-2/controllers/statics.js":{"path":"/Users/Mac/generalAssembly/Development/wdi-project-2/controllers/statics.js","s":{"1":1,"2":1,"3":1,"4":0},"b":{},"f":{"1":0},"fnMap":{"1":{"name":"staticsHome","line":7,"loc":{"start":{"line":7,"column":0},"end":{"line":7,"column":31}}}},"statementMap":{"1":{"start":{"line":1,"column":0},"end":{"line":3,"column":2}},"2":{"start":{"line":5,"column":0},"end":{"line":5,"column":29}},"3":{"start":{"line":7,"column":0},"end":{"line":9,"column":1}},"4":{"start":{"line":8,"column":2},"end":{"line":8,"column":61}}},"branchMap":{}}}