TN:
SF:/Users/Mac/generalAssembly/Development/wdi-project-2/index.js
FN:32,jwtErrorHandler
FNF:1
FNH:0
FNDA:0,jwtErrorHandler
DA:1,1
DA:2,1
DA:3,1
DA:4,1
DA:5,1
DA:6,1
DA:7,1
DA:8,1
DA:9,1
DA:10,1
DA:13,1
DA:15,1
DA:17,1
DA:18,1
DA:19,1
DA:20,1
DA:21,1
DA:23,1
DA:30,1
DA:32,1
DA:33,0
DA:34,0
DA:37,1
DA:38,1
DA:40,1
DA:43,1
LF:26
LH:24
BRDA:33,1,0,0
BRDA:33,1,1,0
BRF:2
BRH:0
end_of_record
TN:
SF:/Users/Mac/generalAssembly/Development/wdi-project-2/config/config.js
FNF:0
FNH:0
DA:1,1
LF:1
LH:1
BRDA:2,1,0,1
BRDA:2,1,1,1
BRDA:3,2,0,1
BRDA:3,2,1,1
BRDA:4,3,0,1
BRDA:4,3,1,1
BRF:6
BRH:6
end_of_record
TN:
SF:/Users/Mac/generalAssembly/Development/wdi-project-2/config/apiRoutes.js
FNF:0
FNH:0
DA:1,1
DA:2,1
DA:4,1
DA:5,1
DA:6,1
DA:8,1
DA:11,1
DA:13,1
DA:16,1
DA:18,1
DA:23,1
LF:11
LH:11
BRF:0
BRH:0
end_of_record
TN:
SF:/Users/Mac/generalAssembly/Development/wdi-project-2/controllers/authentications.js
FN:11,authenticationsRegister
FN:24,authenticationsLogin
FNF:2
FNH:0
FNDA:0,authenticationsRegister
FNDA:0,authenticationsLogin
DA:1,1
DA:6,1
DA:7,1
DA:8,1
DA:11,1
DA:12,0
DA:13,0
DA:14,0
DA:15,0
DA:16,0
DA:24,1
DA:25,0
DA:26,0
DA:27,0
DA:29,0
DA:31,0
DA:33,0
LF:17
LH:6
BRDA:14,1,0,0
BRDA:14,1,1,0
BRDA:26,2,0,0
BRDA:26,2,1,0
BRDA:27,3,0,0
BRDA:27,3,1,0
BRDA:27,4,0,0
BRDA:27,4,1,0
BRF:8
BRH:0
end_of_record
TN:
SF:/Users/Mac/generalAssembly/Development/wdi-project-2/models/user.js
FN:32,(anonymous_1)
FN:42,setPassword
FN:47,setPasswordConfirmation
FN:51,validatePasswordHash
FN:65,validateEmail
FN:71,validatePassword
FNF:6
FNH:0
FNDA:0,(anonymous_1)
FNDA:0,setPassword
FNDA:0,setPasswordConfirmation
FNDA:0,validatePasswordHash
FNDA:0,validateEmail
FNDA:0,validatePassword
DA:1,1
DA:2,1
DA:3,1
DA:5,1
DA:12,1
DA:16,1
DA:20,1
DA:24,1
DA:28,1
DA:31,1
DA:33,0
DA:34,0
DA:35,0
DA:36,0
DA:40,1
DA:42,1
DA:43,0
DA:44,0
DA:47,1
DA:48,0
DA:51,1
DA:52,0
DA:53,0
DA:54,0
DA:56,0
DA:57,0
DA:59,0
DA:60,0
DA:65,1
DA:66,0
DA:67,0
DA:71,1
DA:72,0
LF:33
LH:16
BRDA:52,1,0,0
BRDA:52,1,1,0
BRDA:53,2,0,0
BRDA:53,2,1,0
BRDA:56,3,0,0
BRDA:56,3,1,0
BRDA:59,4,0,0
BRDA:59,4,1,0
BRDA:66,5,0,0
BRDA:66,5,1,0
BRF:10
BRH:0
end_of_record
TN:
SF:/Users/Mac/generalAssembly/Development/wdi-project-2/controllers/users.js
FN:11,usersIndex
FN:18,usersShow
FN:26,usersUpdate
FN:34,usersDelete
FNF:4
FNH:0
FNDA:0,usersIndex
FNDA:0,usersShow
FNDA:0,usersUpdate
FNDA:0,usersDelete
DA:1,1
DA:9,1
DA:11,1
DA:12,0
DA:13,0
DA:14,0
DA:18,1
DA:19,0
DA:20,0
DA:21,0
DA:22,0
DA:26,1
DA:27,0
DA:28,0
DA:29,0
DA:30,0
DA:34,1
DA:35,0
DA:36,0
DA:37,0
DA:38,0
LF:21
LH:6
BRDA:13,1,0,0
BRDA:13,1,1,0
BRDA:20,2,0,0
BRDA:20,2,1,0
BRDA:21,3,0,0
BRDA:21,3,1,0
BRDA:28,4,0,0
BRDA:28,4,1,0
BRDA:29,5,0,0
BRDA:29,5,1,0
BRDA:36,6,0,0
BRDA:36,6,1,0
BRDA:37,7,0,0
BRDA:37,7,1,0
BRF:14
BRH:0
end_of_record
TN:
SF:/Users/Mac/generalAssembly/Development/wdi-project-2/controllers/restaurants.js
FN:3,restaurantsIndex
FNF:1
FNH:0
FNDA:0,restaurantsIndex
DA:1,1
DA:3,1
DA:4,0
DA:5,0
DA:6,0
DA:10,1
LF:6
LH:3
BRDA:5,1,0,0
BRDA:5,1,1,0
BRF:2
BRH:0
end_of_record
TN:
SF:/Users/Mac/generalAssembly/Development/wdi-project-2/models/restaurant.js
FNF:0
FNH:0
DA:1,1
DA:3,1
DA:16,1
LF:3
LH:3
BRF:0
BRH:0
end_of_record
TN:
SF:/Users/Mac/generalAssembly/Development/wdi-project-2/config/webRoutes.js
FNF:0
FNH:0
DA:1,1
DA:2,1
DA:4,1
DA:7,1
DA:10,1
LF:5
LH:5
BRF:0
BRH:0
end_of_record
TN:
SF:/Users/Mac/generalAssembly/Development/wdi-project-2/controllers/statics.js
FN:7,staticsHome
FNF:1
FNH:0
FNDA:0,staticsHome
DA:1,1
DA:5,1
DA:7,1
DA:8,0
LF:4
LH:3
BRF:0
BRH:0
end_of_record
